execve("/usr/bin/uname", ["uname", "-a"], 0x7fff59bf0fb8 /* 47 vars */) = 0
brk(NULL)                               = 0x55f2e6d41000
arch_prctl(0x3001 /* ARCH_??? */, 0x7ffd72463ec0) = -1 EINVAL (Invalid argument)
access("/etc/ld.so.preload", R_OK)      = -1 ENOENT (No such file or directory)
openat(AT_FDCWD, "/etc/ld.so.cache", O_RDONLY|O_CLOEXEC) = 3
fstat(3, {st_mode=S_IFREG|0644, st_size=61538, ...}) = 0
mmap(NULL, 61538, PROT_READ, MAP_PRIVATE, 3, 0) = 0x7fbae9939000
close(3)                                = 0
openat(AT_FDCWD, "/lib/x86_64-linux-gnu/libc.so.6", O_RDONLY|O_CLOEXEC) = 3
read(3, "\177ELF\2\1\1\3\0\0\0\0\0\0\0\0\3\0>\0\1\0\0\0\360A\2\0\0\0\0\0"..., 832) = 832
pread64(3, "\6\0\0\0\4\0\0\0@\0\0\0\0\0\0\0@\0\0\0\0\0\0\0@\0\0\0\0\0\0\0"..., 784, 64) = 784
pread64(3, "\4\0\0\0\20\0\0\0\5\0\0\0GNU\0\2\0\0\300\4\0\0\0\3\0\0\0\0\0\0\0", 32, 848) = 32
pread64(3, "\4\0\0\0\24\0\0\0\3\0\0\0GNU\0\237\333t\347\262\27\320l\223\27*\202C\370T\177"..., 68, 880) = 68
fstat(3, {st_mode=S_IFREG|0755, st_size=2029560, ...}) = 0
mmap(NULL, 8192, PROT_READ|PROT_WRITE, MAP_PRIVATE|MAP_ANONYMOUS, -1, 0) = 0x7fbae9937000
pread64(3, "\6\0\0\0\4\0\0\0@\0\0\0\0\0\0\0@\0\0\0\0\0\0\0@\0\0\0\0\0\0\0"..., 784, 64) = 784
pread64(3, "\4\0\0\0\20\0\0\0\5\0\0\0GNU\0\2\0\0\300\4\0\0\0\3\0\0\0\0\0\0\0", 32, 848) = 32
pread64(3, "\4\0\0\0\24\0\0\0\3\0\0\0GNU\0\237\333t\347\262\27\320l\223\27*\202C\370T\177"..., 68, 880) = 68
mmap(NULL, 2037344, PROT_READ, MAP_PRIVATE|MAP_DENYWRITE, 3, 0) = 0x7fbae9745000
mmap(0x7fbae9767000, 1540096, PROT_READ|PROT_EXEC, MAP_PRIVATE|MAP_FIXED|MAP_DENYWRITE, 3, 0x22000) = 0x7fbae9767000
mmap(0x7fbae98df000, 319488, PROT_READ, MAP_PRIVATE|MAP_FIXED|MAP_DENYWRITE, 3, 0x19a000) = 0x7fbae98df000
mmap(0x7fbae992d000, 24576, PROT_READ|PROT_WRITE, MAP_PRIVATE|MAP_FIXED|MAP_DENYWRITE, 3, 0x1e7000) = 0x7fbae992d000
mmap(0x7fbae9933000, 13920, PROT_READ|PROT_WRITE, MAP_PRIVATE|MAP_FIXED|MAP_ANONYMOUS, -1, 0) = 0x7fbae9933000
close(3)                                = 0
arch_prctl(ARCH_SET_FS, 0x7fbae9938580) = 0
mprotect(0x7fbae992d000, 16384, PROT_READ) = 0
mprotect(0x55f2e5197000, 4096, PROT_READ) = 0
mprotect(0x7fbae9976000, 4096, PROT_READ) = 0
munmap(0x7fbae9939000, 61538)           = 0
brk(NULL)                               = 0x55f2e6d41000
brk(0x55f2e6d62000)                     = 0x55f2e6d62000
openat(AT_FDCWD, "/usr/lib/locale/locale-archive", O_RDONLY|O_CLOEXEC) = 3
fstat(3, {st_mode=S_IFREG|0644, st_size=5699248, ...}) = 0
mmap(NULL, 5699248, PROT_READ, MAP_PRIVATE, 3, 0) = 0x7fbae91d5000
close(3)                                = 0
uname({sysname="Linux", nodename="ubuntu", ...}) = 0
fstat(1, {st_mode=S_IFREG|0664, st_size=2652, ...}) = 0
uname({sysname="Linux", nodename="ubuntu", ...}) = 0
uname({sysname="Linux", nodename="ubuntu", ...}) = 0
write(1, "Linux ubuntu 5.13.0-40-generic #"..., 113Linux ubuntu 5.13.0-40-generic #45~20.04.1-Ubuntu SMP Mon Apr 4 09:38:31 UTC 2022 x86_64 x86_64 x86_64 GNU/Linux
) = 113
close(1)                                = 0
close(2)                                = 0
exit_group(0)                           = ?
+++ exited with 0 +++
